c:\users\addf054\source\repos\new folder\vc\asteroids\debug\vc143.pdb
c:\users\addf054\source\repos\new folder\vc\asteroids\debug\vc143.idb
c:\users\addf054\source\repos\new folder\vc\asteroids\debug\asteroid.obj
c:\users\addf054\source\repos\new folder\vc\asteroids\debug\asteroids.obj
c:\users\addf054\source\repos\new folder\vc\asteroids\debug\bullet.obj
c:\users\addf054\source\repos\new folder\vc\asteroids\debug\explosion.obj
c:\users\addf054\source\repos\new folder\vc\asteroids\debug\main.obj
c:\users\addf054\source\repos\new folder\vc\asteroids\debug\spaceship.obj
c:\users\addf054\source\repos\repo\vc\asteroids\debug\asteroids.ilk
c:\users\addf054\source\repos\repo\bin\asteroids.exe
c:\users\addf054\source\repos\repo\vc\asteroids\debug\asteroids.pdb
c:\users\addf054\source\repos\new folder\bin\asteroids.exe
c:\users\addf054\source\repos\new folder\vc\asteroids\debug\asteroids.ilk
c:\users\addf054\source\repos\new folder\vc\asteroids\debug\asteroids.pdb
c:\users\addf054\onedrive - city, university of london\desktop\new folder (2)\vc\asteroids\debug\asteroid.obj
c:\users\addf054\onedrive - city, university of london\desktop\new folder (2)\vc\asteroids\debug\asteroids.obj
c:\users\addf054\onedrive - city, university of london\desktop\new folder (2)\vc\asteroids\debug\bullet.obj
c:\users\addf054\onedrive - city, university of london\desktop\new folder (2)\vc\asteroids\debug\explosion.obj
c:\users\addf054\onedrive - city, university of london\desktop\new folder (2)\vc\asteroids\debug\main.obj
c:\users\addf054\onedrive - city, university of london\desktop\new folder (2)\vc\asteroids\debug\spaceship.obj
c:\users\addf054\onedrive - city, university of london\desktop\new folder (2)\vc\asteroids\debug\asteroids.ilk
c:\users\addf054\onedrive - city, university of london\desktop\new folder (2)\vc\asteroids\debug\vc143.idb
c:\users\addf054\onedrive - city, university of london\desktop\new folder (2)\vc\asteroids\debug\asteroids.pdb
c:\users\addf054\onedrive - city, university of london\desktop\new folder (2)\vc\asteroids\debug\vc143.pdb
c:\users\addf054\onedrive - city, university of london\desktop\new folder (2)\bin\asteroids.exe
c:\users\addf054\onedrive - city, university of london\desktop\new folder (2)\vc\asteroids\debug\asteroids.tlog\cl.command.1.tlog
c:\users\addf054\onedrive - city, university of london\desktop\new folder (2)\vc\asteroids\debug\asteroids.tlog\cl.items.tlog
c:\users\addf054\onedrive - city, university of london\desktop\new folder (2)\vc\asteroids\debug\asteroids.tlog\cl.read.1.tlog
c:\users\addf054\onedrive - city, university of london\desktop\new folder (2)\vc\asteroids\debug\asteroids.tlog\cl.write.1.tlog
c:\users\addf054\onedrive - city, university of london\desktop\new folder (2)\vc\asteroids\debug\asteroids.tlog\link.command.1.tlog
c:\users\addf054\onedrive - city, university of london\desktop\new folder (2)\vc\asteroids\debug\asteroids.tlog\link.read.1.tlog
c:\users\addf054\onedrive - city, university of london\desktop\new folder (2)\vc\asteroids\debug\asteroids.tlog\link.write.1.tlog
